<?xml version="1.0" encoding="UTF-8"?>
<!-- Generated by org.testng.reporters.JUnitReportReporter -->
<testsuite hostname="DESKTOP-P5QD4PN" failures="0" tests="1" name="testcases.LoginPageTest" time="6.399" errors="0" timestamp="2022-09-10T16:12:28 IST" skipped="0">
  <testcase classname="testcases.LoginPageTest" name="loginTest" time="6.399"/>
  <system-out/>
</testsuite> <!-- testcases.LoginPageTest -->
