<?xml version="1.0" encoding="UTF-8"?>
<!-- Generated by org.testng.reporters.JUnitReportReporter -->
<testsuite hostname="DESKTOP-P5QD4PN" failures="0" tests="1" name="testcases.CaptureLocationTest" time="63.910" errors="0" timestamp="2022-10-27T15:58:37 IST" skipped="0">
  <testcase classname="testcases.CaptureLocationTest" name="locationScreen" time="63.910"/>
  <system-out/>
</testsuite> <!-- testcases.CaptureLocationTest -->
