<?xml version="1.0" encoding="UTF-8"?>
<!-- Generated by org.testng.reporters.JUnitReportReporter -->
<testsuite hostname="DESKTOP-P5QD4PN" failures="0" tests="1" name="testcases.LoginTest" time="24.725" errors="0" timestamp="2022-10-14T23:32:27 IST" skipped="0">
  <testcase classname="testcases.LoginTest" name="loginTest" time="24.725"/>
  <system-out/>
</testsuite> <!-- testcases.LoginTest -->
