<?xml version="1.0" encoding="UTF-8"?>
<!-- Generated by org.testng.reporters.JUnitReportReporter -->
<testsuite hostname="DESKTOP-P5QD4PN" failures="0" tests="1" name="tataplaybroadband.DigisalesConfigurationAndLogin" time="52.625" errors="0" timestamp="2022-08-23T11:48:35 IST" skipped="0">
  <testcase classname="tataplaybroadband.DigisalesConfigurationAndLogin" name="DigisalesConfig" time="52.625"/>
  <system-out/>
</testsuite> <!-- tataplaybroadband.DigisalesConfigurationAndLogin -->
